2025-05-17 14:00:52,789 - INFO - Initializing ImageToText model...
2025-05-17 14:01:00,576 - INFO - Note: NumExpr detected 12 cores but "NUMEXPR_MAX_THREADS" not set, so enforcing safe limit of 8.
2025-05-17 14:01:00,576 - INFO - NumExpr defaulting to 8 threads.
2025-05-17 14:01:19,902 - INFO - Found 140 paintings that need updating
2025-05-17 14:01:19,902 - ERROR - Failed to generate description for painting 215ba558-a700-52e8-aefb-6e01880cf884
2025-05-17 14:01:19,902 - ERROR - Failed to generate description for painting b644aafa-6236-5a18-b667-dc567c4e5c9a
2025-05-17 14:01:19,902 - ERROR - Failed to generate description for painting 094c7d39-83a0-5411-9c21-3e11bfa48635
2025-05-17 14:01:19,902 - ERROR - Failed to generate description for painting 1e90e459-65f5-505f-8cf3-695a0d19cd9c
2025-05-17 14:01:19,913 - ERROR - Failed to generate description for painting 97451288-6ad7-5faa-9c85-d510ba34129e
2025-05-17 14:01:19,914 - ERROR - Failed to generate description for painting 57fb4880-d766-5ec1-88d8-f599f328c03a
2025-05-17 14:01:19,916 - ERROR - Failed to generate description for painting a296d36c-9a08-5f49-8706-821b8b00c36d
2025-05-17 14:01:19,917 - ERROR - Failed to generate description for painting 6e2d03d4-0ba0-5855-abf6-11c5120b76c1
2025-05-17 14:01:19,919 - ERROR - Failed to generate description for painting 45be0f86-dccc-52fc-b56c-230a5657db3a
2025-05-17 14:01:19,920 - ERROR - Failed to generate description for painting ff6b32de-3e1b-5c15-8f2d-c4222a784adf
2025-05-17 14:01:19,922 - ERROR - Failed to generate description for painting e25704b3-21f8-5991-bd53-dc29d872e0f9
2025-05-17 14:01:19,923 - ERROR - Failed to generate description for painting 72645b9b-7855-52b0-8487-06b768d6720f
2025-05-17 14:01:19,924 - ERROR - Failed to generate description for painting 5a86167a-7cba-501a-aac2-1efa6178e7f1
2025-05-17 14:01:19,926 - ERROR - Failed to generate description for painting 3619503d-57b2-5a75-81aa-d27bc30b8251
2025-05-17 14:01:19,926 - ERROR - Failed to generate description for painting 34956b53-ef28-5025-b42c-22d15bde485d
2025-05-17 14:01:19,927 - ERROR - Failed to generate description for painting 42133042-adb4-5aef-9c79-a396a26d4061
2025-05-17 14:01:19,928 - ERROR - Failed to generate description for painting 6c897e16-17df-5d14-8cac-e328bbc1066e
2025-05-17 14:01:19,929 - ERROR - Failed to generate description for painting b1e2b6c2-b269-5cb1-a34e-d5e64d9bc99b
2025-05-17 14:01:19,930 - ERROR - Failed to generate description for painting f0c2492d-3f64-5d15-84bb-c63d368baaff
2025-05-17 14:01:19,932 - ERROR - Failed to generate description for painting bf64d2e4-3e13-5b3a-8dac-47615b4cc250
2025-05-17 14:01:19,934 - ERROR - Failed to generate description for painting 24a63086-28a4-5941-9ff0-93825939f26f
2025-05-17 14:01:19,935 - ERROR - Failed to generate description for painting 606dff46-e209-5f4e-b013-ea5fa924d3ab
2025-05-17 14:01:19,936 - ERROR - Failed to generate description for painting 2f1f5297-3361-57cd-bb59-ed5aefa7b3e2
2025-05-17 14:01:19,936 - ERROR - Failed to generate description for painting 7b63e777-8d44-56a7-9c5c-1df2dc72cc10
2025-05-17 14:01:19,936 - ERROR - Failed to generate description for painting 6d11303f-1798-56a6-a2e7-76da154d9ab3
2025-05-17 14:01:19,936 - ERROR - Failed to generate description for painting 5629660e-8b87-5e70-a723-8c80361e7ee0
2025-05-17 14:01:19,940 - ERROR - Failed to generate description for painting ff4487dc-6c0a-5301-b8d0-ee5ff9fbbe4a
2025-05-17 14:01:19,940 - ERROR - Failed to generate description for painting db5c8f6c-95e0-5e00-8e7c-2adb1d68b496
2025-05-17 14:01:19,942 - ERROR - Failed to generate description for painting 61fd2da4-86ed-52b1-90da-cab1522a2fbb
2025-05-17 14:01:19,942 - ERROR - Failed to generate description for painting 695ea20a-a363-5146-9276-f31b1ac9dfb8
2025-05-17 14:01:19,944 - ERROR - Failed to generate description for painting 13fb8cd9-59d4-5dba-9990-d8ac0330590c
2025-05-17 14:01:19,944 - ERROR - Failed to generate description for painting b73d065f-f841-5930-b6be-e1a38da3407d
2025-05-17 14:01:19,946 - ERROR - Failed to generate description for painting eb58dbff-2b1a-55f9-ac48-1b4db4d4a3d8
2025-05-17 14:01:19,947 - ERROR - Failed to generate description for painting 3533355e-81a6-5a48-9115-7f2f58138de4
2025-05-17 14:01:19,947 - ERROR - Failed to generate description for painting 9d390362-a522-596e-a697-a51c945e9258
2025-05-17 14:01:19,947 - ERROR - Failed to generate description for painting b6759626-6d1f-53e0-8bdd-72ffedf3763e
2025-05-17 14:01:19,947 - ERROR - Failed to generate description for painting 05243165-0a6d-533e-923c-f075bbf343e6
2025-05-17 14:01:19,947 - ERROR - Failed to generate description for painting 940b6b2b-c622-530d-9010-71e6c3c9402d
2025-05-17 14:01:19,947 - ERROR - Failed to generate description for painting fde6a79f-e8c7-59d7-9044-61fc21fa5b59
2025-05-17 14:01:19,947 - ERROR - Failed to generate description for painting 7a5798f7-95b1-5e3e-b64c-119022039102
2025-05-17 14:01:19,947 - ERROR - Failed to generate description for painting 2063b042-8928-5455-a7cc-5429a6f37929
2025-05-17 14:01:19,947 - ERROR - Failed to generate description for painting c2fbe927-c201-5990-af2a-fb0eefe9e65a
2025-05-17 14:01:19,947 - ERROR - Failed to generate description for painting d76c81fc-8cee-535f-90c1-0228b136d4ee
2025-05-17 14:01:19,947 - ERROR - Failed to generate description for painting 769c633a-d737-53ca-90d1-0228e425640c
2025-05-17 14:01:19,957 - ERROR - Failed to generate description for painting efcf23e6-f58a-53d6-a557-b0351b04ac52
2025-05-17 14:01:19,958 - ERROR - Failed to generate description for painting 3b3457d0-c696-5a45-b470-f26f80328178
2025-05-17 14:01:19,958 - ERROR - Failed to generate description for painting 31d9ac1a-7540-5bc7-9300-462f5cae39c5
2025-05-17 14:01:19,960 - ERROR - Failed to generate description for painting ddd73224-b4e4-53d2-ac30-14c6ef4f6a17
2025-05-17 14:01:19,960 - ERROR - Failed to generate description for painting 9fcf9cbb-0d54-5cc3-a63b-b2e81f351c6f
2025-05-17 14:01:19,960 - ERROR - Failed to generate description for painting 24820e2d-a0c4-554f-80b0-bc035918d6d4
2025-05-17 14:01:19,961 - ERROR - Failed to generate description for painting a8b3b639-3fec-5a78-b6b8-a826dd3ddd57
2025-05-17 14:01:19,961 - ERROR - Failed to generate description for painting f0bd6189-7c41-5223-b6bd-160dbf90eaa3
2025-05-17 14:01:19,961 - ERROR - Failed to generate description for painting 0e4703aa-1df2-5a22-959f-84e2004fd2cd
2025-05-17 14:01:19,961 - ERROR - Failed to generate description for painting 439cced3-2f24-5a55-8cb6-65069b943388
2025-05-17 14:01:19,961 - ERROR - Failed to generate description for painting c6a7ebfc-1a75-5e16-8c00-d8238457eec1
2025-05-17 14:01:19,964 - ERROR - Failed to generate description for painting 7c08d8df-a618-54b6-bbc9-6c3e4052fb85
2025-05-17 14:01:19,964 - ERROR - Failed to generate description for painting adf77824-2f5c-50ed-a795-5430ff1bec65
2025-05-17 14:01:19,964 - ERROR - Failed to generate description for painting 70509c95-e5ba-5251-a37a-c0827a483b6b
2025-05-17 14:01:19,964 - ERROR - Failed to generate description for painting c4edc4bd-a555-59eb-84d4-aca2e77dec03
2025-05-17 14:01:19,964 - ERROR - Failed to generate description for painting bfc6778a-baa0-5600-ac65-8825beebb066
2025-05-17 14:01:19,964 - ERROR - Failed to generate description for painting c422389f-a37e-5e7c-b260-3f6be618f2ca
2025-05-17 14:01:19,964 - ERROR - Failed to generate description for painting 21c5a1c6-62ea-52aa-9640-d332fa963c80
2025-05-17 14:01:19,964 - ERROR - Failed to generate description for painting 177e0af4-ca1d-540e-9009-ade9c39385f8
2025-05-17 14:01:19,964 - ERROR - Failed to generate description for painting 024eec4d-d4a9-56df-b9b9-8523d0b00925
2025-05-17 14:01:19,964 - ERROR - Failed to generate description for painting b2c9dec4-6934-5ed1-a298-a9391ad86755
2025-05-17 14:01:19,964 - ERROR - Failed to generate description for painting f7b022bc-ced5-5a3f-8f28-b1fde87ac340
2025-05-17 14:01:19,964 - ERROR - Failed to generate description for painting 743ba5ab-ee18-55ec-a456-9a348f6f52a1
2025-05-17 14:01:19,975 - ERROR - Failed to generate description for painting d0d9f839-3d64-5997-8d10-272258b0e21f
2025-05-17 14:01:19,976 - ERROR - Failed to generate description for painting e884d4b7-56e2-5384-a166-404bc99ca554
2025-05-17 14:01:19,976 - ERROR - Failed to generate description for painting 56c0a30f-c1e5-5c8f-a3fa-e3e7e1b93080
2025-05-17 14:01:19,977 - ERROR - Failed to generate description for painting f57669c6-d3d9-54ea-a6d4-c69282e1bd9f
2025-05-17 14:01:19,977 - ERROR - Failed to generate description for painting 04f2d4df-0491-5423-a2d0-36bf7918c314
2025-05-17 14:01:19,978 - ERROR - Failed to generate description for painting 1f71e411-87d2-5adf-8d1c-4fa7f780a849
2025-05-17 14:01:19,978 - ERROR - Failed to generate description for painting 3e40c95c-3e0e-58e1-b768-a4e7671265e8
2025-05-17 14:01:19,978 - ERROR - Failed to generate description for painting 5b845a84-e1a4-5c5a-b4b5-a8bac0b1bd57
2025-05-17 14:01:19,978 - ERROR - Failed to generate description for painting 7be75d7f-1947-5aae-a0ce-eaff9d01a7ab
2025-05-17 14:01:19,978 - ERROR - Failed to generate description for painting 7e544449-560e-5ba4-99ac-9e81afe4c9bf
2025-05-17 14:01:19,978 - ERROR - Failed to generate description for painting 8d58cb36-faae-554d-b4d4-321a948206f0
2025-05-17 14:01:19,978 - ERROR - Failed to generate description for painting 168747a1-84bf-5f5e-b962-e6eb07321dd7
2025-05-17 14:01:19,978 - ERROR - Failed to generate description for painting d058aea8-a000-56d1-9988-973de62d1247
2025-05-17 14:01:19,978 - ERROR - Failed to generate description for painting f5717df4-03e7-5c1e-9280-20b51a1bf3d0
2025-05-17 14:01:19,978 - ERROR - Failed to generate description for painting 01a3837c-2d00-5bfc-bcf7-d21c5c11e1b4
2025-05-17 14:01:19,988 - ERROR - Failed to generate description for painting 93a24627-5ccf-5d62-be8e-d759d2443b7a
2025-05-17 14:01:19,989 - ERROR - Failed to generate description for painting 30d7a4ef-bc7f-50a2-9acf-964aaad53acd
2025-05-17 14:01:19,989 - ERROR - Failed to generate description for painting ae5d4ac4-3147-5580-b703-054cabb40168
2025-05-17 14:01:19,989 - ERROR - Failed to generate description for painting 9af86b16-c27b-519a-bf8b-b757a76df02d
2025-05-17 14:01:19,991 - ERROR - Failed to generate description for painting eba4bfb4-8620-5663-b403-1aded18918df
2025-05-17 14:01:19,991 - ERROR - Failed to generate description for painting b799c981-d55f-5fc5-ab53-003dcb570f46
2025-05-17 14:01:19,991 - ERROR - Failed to generate description for painting aa3578e6-e271-51af-8056-66c2a396f4b9
2025-05-17 14:01:19,992 - ERROR - Failed to generate description for painting 9000114d-dbf6-589f-ad34-846c8035f7e3
2025-05-17 14:01:19,992 - ERROR - Failed to generate description for painting d9757401-edfc-59cb-8bbb-357631e5fd27
2025-05-17 14:01:19,992 - ERROR - Failed to generate description for painting d029f123-cde2-55bc-b7ea-0ef39c8f0b65
2025-05-17 14:01:19,992 - ERROR - Failed to generate description for painting 19c91335-6482-51ba-bfb6-09ce2fd9aff1
2025-05-17 14:01:19,992 - ERROR - Failed to generate description for painting a59b3598-762b-59a0-8204-576b09c898e0
2025-05-17 14:01:19,992 - ERROR - Failed to generate description for painting e10ca1cb-c62e-517b-8296-c6bf41cee2f6
2025-05-17 14:01:19,996 - ERROR - Failed to generate description for painting fff9624c-3dd2-52ee-861b-dda1f0be8386
2025-05-17 14:01:19,996 - ERROR - Failed to generate description for painting e41cc61c-b70c-5bb9-90cb-c347ed53db74
2025-05-17 14:01:19,996 - ERROR - Failed to generate description for painting faa3707f-525d-5d52-ae13-e70af7048ef1
2025-05-17 14:01:19,997 - ERROR - Failed to generate description for painting ba8a689b-219b-5025-bda6-52a7e79280a7
2025-05-17 14:01:19,997 - ERROR - Failed to generate description for painting b3408cc4-19ad-5b31-9550-4055a67d662a
2025-05-17 14:01:19,997 - ERROR - Failed to generate description for painting 2ea2bdfe-bfd8-5d95-9bb5-e3d2cc94fb86
2025-05-17 14:01:19,997 - ERROR - Failed to generate description for painting 5f5bf310-4e4e-5ae8-8961-a9de4d0030df
2025-05-17 14:01:19,997 - ERROR - Failed to generate description for painting da33ca5e-9339-5344-8f76-5e3d861404b0
2025-05-17 14:01:19,997 - ERROR - Failed to generate description for painting 92f37baf-010d-54a4-83ad-05a204402332
2025-05-17 14:01:20,002 - ERROR - Failed to generate description for painting 330b26ff-3fd5-5ae9-af53-1d0416ad010f
2025-05-17 14:01:20,002 - ERROR - Failed to generate description for painting 7285544c-ee85-522f-afd1-7a5c5f85b192
2025-05-17 14:01:20,002 - ERROR - Failed to generate description for painting 9c5d5006-4a28-5623-987a-1ebd639986cc
2025-05-17 14:01:20,004 - ERROR - Failed to generate description for painting e322b951-bed2-5939-bd39-b5db83203245
2025-05-17 14:01:20,004 - ERROR - Failed to generate description for painting b4161807-eb9b-5749-9f03-459a8693655b
2025-05-17 14:01:20,005 - ERROR - Failed to generate description for painting 3bd78c95-91ed-588d-83e3-b5c18ff480b9
2025-05-17 14:01:20,005 - ERROR - Failed to generate description for painting f768e4f8-ca10-5570-b00e-cad9fac44062
2025-05-17 14:01:20,005 - ERROR - Failed to generate description for painting 18ed7c45-d378-54ba-a9d2-b154525e9033
2025-05-17 14:01:20,006 - ERROR - Failed to generate description for painting cea4839b-f87e-5f9a-8e38-e1872f6db4fd
2025-05-17 14:01:20,006 - ERROR - Failed to generate description for painting 67f97220-5ee5-5fc0-97ea-99932e4ffc24
2025-05-17 14:01:20,007 - ERROR - Failed to generate description for painting 0fcfbf44-4639-5dc4-85c8-546d55ae8ee5
2025-05-17 14:01:20,007 - ERROR - Failed to generate description for painting fdb4642b-9637-5a4f-9b2f-df036e94da76
2025-05-17 14:01:20,007 - ERROR - Failed to generate description for painting 4aad2fba-45e5-5fd6-81ad-21a6451ae43b
2025-05-17 14:01:20,008 - ERROR - Failed to generate description for painting 4d89acc5-12bb-5bf3-8737-46828d6922dd
2025-05-17 14:01:20,008 - ERROR - Failed to generate description for painting 282a6936-ba9f-5f07-8fb3-ece02dc3cfa2
2025-05-17 14:01:20,009 - ERROR - Failed to generate description for painting 8936abfd-5918-5744-8d0d-20de8ef14414
2025-05-17 14:01:20,009 - ERROR - Failed to generate description for painting cbec4558-76a6-553d-914c-0c7c7e89ce4a
2025-05-17 14:01:20,009 - ERROR - Failed to generate description for painting 531023f1-ff84-55bd-8a5e-6894e40f709d
2025-05-17 14:01:20,011 - ERROR - Failed to generate description for painting 23049f54-f283-5e00-a24a-a7170247b431
2025-05-17 14:01:20,012 - ERROR - Failed to generate description for painting 59b81c98-2c39-575c-9898-01d77c8204c5
2025-05-17 14:01:20,012 - ERROR - Failed to generate description for painting 1ac69ffd-254d-5939-81ca-7fe43956a89f
2025-05-17 14:01:20,013 - ERROR - Failed to generate description for painting d52ff7f1-c0c9-526f-8575-eae4de6bfd04
2025-05-17 14:01:20,013 - ERROR - Failed to generate description for painting 70499e4d-a5e8-5cf1-ab35-bcdf64938568
2025-05-17 14:01:20,014 - ERROR - Failed to generate description for painting c01f9c30-2d50-5e36-8b16-f562f5a64a5c
2025-05-17 14:01:20,014 - ERROR - Failed to generate description for painting 50952736-d57b-5572-bbc7-db7c16584853
2025-05-17 14:01:20,014 - ERROR - Failed to generate description for painting fdb2f56b-f14f-5966-8cbd-aee8cdfb7a0d
2025-05-17 14:01:20,014 - ERROR - Failed to generate description for painting e780a0ad-5153-5cef-82b0-ec74dc05cea6
2025-05-17 14:01:20,014 - ERROR - Failed to generate description for painting 8a6c8909-4d7d-55c1-8988-b351d9a16db9
2025-05-17 14:01:20,019 - ERROR - Failed to generate description for painting 0004be18-114e-5d93-8677-bccc90b75a7c
2025-05-17 14:01:20,019 - ERROR - Failed to generate description for painting 6128795b-4e9b-520a-9846-db2b5fc7e1f2
2025-05-17 14:01:20,021 - ERROR - Failed to generate description for painting face3859-049a-56a1-9f60-92af932132fc
2025-05-17 14:01:20,021 - ERROR - Failed to generate description for painting 62007324-1d65-5e12-8107-abea930201d7
2025-05-17 14:01:20,022 - ERROR - Failed to generate description for painting 555f5f18-a73f-55fb-9c4f-30ea10f3113f
2025-05-17 14:01:20,022 - ERROR - Failed to generate description for painting ce5b2ee6-4289-5021-87da-3c20ae1d93a6
2025-05-17 14:01:20,023 - ERROR - Failed to generate description for painting 543f1a19-f7af-5e81-b5d9-1bf6c208ad4a
2025-05-17 14:01:20,023 - ERROR - Failed to generate description for painting 95dde0ba-b66b-5c90-b186-e1228144adcd
2025-05-17 14:01:20,024 - INFO - Finished updating paintings!
2025-05-17 14:03:32,544 - INFO - Initializing ImageToText model...
2025-05-17 14:03:36,005 - INFO - Note: NumExpr detected 12 cores but "NUMEXPR_MAX_THREADS" not set, so enforcing safe limit of 8.
2025-05-17 14:03:36,007 - INFO - NumExpr defaulting to 8 threads.
2025-05-17 14:03:38,513 - INFO - Found 140 paintings that need updating
2025-05-17 14:03:42,496 - INFO - Updated painting 215ba558-a700-52e8-aefb-6e01880cf884: a painting of a waterfall in the woods...
2025-05-17 14:03:44,765 - INFO - Updated painting b644aafa-6236-5a18-b667-dc567c4e5c9a: a painting of a river in the mountains...
2025-05-17 14:03:47,040 - INFO - Updated painting 094c7d39-83a0-5411-9c21-3e11bfa48635: a painting of a waterfall in the woods...
2025-05-17 14:03:49,316 - INFO - Updated painting 1e90e459-65f5-505f-8cf3-695a0d19cd9c: a painting of a waterfall in the mountains...
2025-05-17 14:03:51,566 - INFO - Updated painting 97451288-6ad7-5faa-9c85-d510ba34129e: a painting of a waterfall in the woods...
2025-05-17 14:03:53,795 - INFO - Updated painting 57fb4880-d766-5ec1-88d8-f599f328c03a: a painting of a waterfall in the woods...
2025-05-17 14:03:55,722 - INFO - Updated painting a296d36c-9a08-5f49-8706-821b8b00c36d: a painting of a waterfall...
2025-05-17 14:03:57,938 - INFO - Updated painting 6e2d03d4-0ba0-5855-abf6-11c5120b76c1: a painting of a tree in a landscape...
2025-05-17 14:04:00,166 - INFO - Updated painting 45be0f86-dccc-52fc-b56c-230a5657db3a: a painting of a waterfall in the woods...
2025-05-17 14:04:02,761 - INFO - Updated painting ff6b32de-3e1b-5c15-8f2d-c4222a784adf: a painting of a waterfall in the middle of a forest...
2025-05-17 14:04:05,032 - INFO - Updated painting e25704b3-21f8-5991-bd53-dc29d872e0f9: a painting of a castle in the mountains...
2025-05-17 14:04:07,558 - INFO - Updated painting 72645b9b-7855-52b0-8487-06b768d6720f: a painting of a mountain with a small house in the middle...
2025-05-17 14:04:09,468 - INFO - Updated painting 5a86167a-7cba-501a-aac2-1efa6178e7f1: a painting of a waterfall...
2025-05-17 14:04:11,719 - INFO - Updated painting 3619503d-57b2-5a75-81aa-d27bc30b8251: a painting of a waterfall in the mountains...
2025-05-17 14:04:13,961 - INFO - Updated painting 34956b53-ef28-5025-b42c-22d15bde485d: a painting of a bird flying over a mountain...
2025-05-17 14:04:16,120 - INFO - Updated painting 42133042-adb4-5aef-9c79-a396a26d4061: a painting of trees in the distance...
2025-05-17 14:04:18,418 - INFO - Updated painting 6c897e16-17df-5d14-8cac-e328bbc1066e: a painting of a stream in the woods...
2025-05-17 14:04:20,469 - INFO - Updated painting b1e2b6c2-b269-5cb1-a34e-d5e64d9bc99b: a painting of a waterfall...
2025-05-17 14:04:24,207 - INFO - Updated painting f0c2492d-3f64-5d15-84bb-c63d368baaff: a painting of a mountain scene with a tree...
2025-05-17 14:04:27,059 - INFO - Updated painting bf64d2e4-3e13-5b3a-8dac-47615b4cc250: a painting of a house in the countryside...
2025-05-17 14:04:29,763 - INFO - Updated painting 24a63086-28a4-5941-9ff0-93825939f26f: a painting of a waterfall in the mountains...
2025-05-17 14:04:32,139 - INFO - Updated painting 606dff46-e209-5f4e-b013-ea5fa924d3ab: a painting of a mountain road...
2025-05-17 14:04:35,643 - INFO - Updated painting 2f1f5297-3361-57cd-bb59-ed5aefa7b3e2: a painting of a tree by the water...
2025-05-17 14:04:39,007 - INFO - Updated painting 7b63e777-8d44-56a7-9c5c-1df2dc72cc10: a painting of a tree in the middle of a field...
2025-05-17 14:04:42,662 - INFO - Updated painting 6d11303f-1798-56a6-a2e7-76da154d9ab3: a painting of a landscape with trees and mountains in the background...
2025-05-17 14:04:45,618 - INFO - Updated painting 5629660e-8b87-5e70-a723-8c80361e7ee0: a painting of a cactus with flowers in it...
2025-05-17 14:04:47,913 - INFO - Updated painting ff4487dc-6c0a-5301-b8d0-ee5ff9fbbe4a: a painting of a waterfall...
2025-05-17 14:04:50,064 - INFO - Updated painting db5c8f6c-95e0-5e00-8e7c-2adb1d68b496: a painting of a mountain scene...
2025-05-17 14:04:52,940 - INFO - Updated painting 61fd2da4-86ed-52b1-90da-cab1522a2fbb: a painting of a forest scene...
2025-05-17 14:04:55,707 - INFO - Updated painting 695ea20a-a363-5146-9276-f31b1ac9dfb8: a painting of a waterfall in the woods...
2025-05-17 14:04:59,250 - INFO - Updated painting 13fb8cd9-59d4-5dba-9990-d8ac0330590c: a painting of a tree with green leaves...
2025-05-17 14:05:01,940 - INFO - Updated painting b73d065f-f841-5930-b6be-e1a38da3407d: a painting of a waterfall in the mountains...
2025-05-17 14:05:04,920 - INFO - Updated painting eb58dbff-2b1a-55f9-ac48-1b4db4d4a3d8: a painting of trees in the mountains...
2025-05-17 14:05:07,205 - INFO - Updated painting 3533355e-81a6-5a48-9115-7f2f58138de4: a painting of mountains and trees...
2025-05-17 14:05:10,406 - INFO - Updated painting 9d390362-a522-596e-a697-a51c945e9258: a painting of a bird on a branch...
2025-05-17 14:05:13,219 - INFO - Updated painting b6759626-6d1f-53e0-8bdd-72ffedf3763e: a painting of a stream in the woods...
2025-05-17 14:05:16,864 - INFO - Updated painting 05243165-0a6d-533e-923c-f075bbf343e6: a painting of a tree with red leaves...
2025-05-17 14:05:20,194 - INFO - Updated painting 940b6b2b-c622-530d-9010-71e6c3c9402d: a painting of a flower in a vase...
2025-05-17 14:05:23,916 - INFO - Updated painting fde6a79f-e8c7-59d7-9044-61fc21fa5b59: a painting of a man walking down a path...
2025-05-17 14:05:26,885 - INFO - Updated painting 7a5798f7-95b1-5e3e-b64c-119022039102: a painting of mountains and trees...
2025-05-17 14:05:31,991 - INFO - Updated painting 2063b042-8928-5455-a7cc-5429a6f37929: a painting of a bridge over a river...
2025-05-17 14:05:36,742 - INFO - Updated painting c2fbe927-c201-5990-af2a-fb0eefe9e65a: a painting of a mountain scene...
2025-05-17 14:05:39,075 - INFO - Updated painting d76c81fc-8cee-535f-90c1-0228b136d4ee: a painting of houses in the mountains...
2025-05-17 14:05:41,886 - INFO - Updated painting 769c633a-d737-53ca-90d1-0228e425640c: a painting of a house in the countryside...
2025-05-17 14:05:45,539 - INFO - Updated painting efcf23e6-f58a-53d6-a557-b0351b04ac52: a painting of a flower with many colors...
2025-05-17 14:05:48,489 - INFO - Updated painting 3b3457d0-c696-5a45-b470-f26f80328178: a painting of a large abstracted object...
2025-05-17 14:05:52,001 - INFO - Updated painting 31d9ac1a-7540-5bc7-9300-462f5cae39c5: a painting of a flower on a white background...
2025-05-17 14:05:54,806 - INFO - Updated painting ddd73224-b4e4-53d2-ac30-14c6ef4f6a17: a painting of a bridge over a river...
2025-05-17 14:05:58,839 - INFO - Updated painting 9fcf9cbb-0d54-5cc3-a63b-b2e81f351c6f: a painting of a castle in the mountains...
2025-05-17 14:06:03,155 - INFO - Updated painting 24820e2d-a0c4-554f-80b0-bc035918d6d4: a painting of a tree with a bird perched on it...
2025-05-17 14:06:06,602 - INFO - Updated painting a8b3b639-3fec-5a78-b6b8-a826dd3ddd57: a painting of a mountain scene with a waterfall...
2025-05-17 14:06:10,281 - INFO - Updated painting f0bd6189-7c41-5223-b6bd-160dbf90eaa3: a painting of a river with trees and buildings...
2025-05-17 14:06:14,108 - INFO - Updated painting 0e4703aa-1df2-5a22-959f-84e2004fd2cd: a painting of a tree in a room...
2025-05-17 14:06:18,140 - INFO - Updated painting 439cced3-2f24-5a55-8cb6-65069b943388: a painting of a building with a tree in the middle...
2025-05-17 14:06:21,949 - INFO - Updated painting c6a7ebfc-1a75-5e16-8c00-d8238457eec1: a painting of a bird on a white surface...
2025-05-17 14:06:25,270 - INFO - Updated painting 7c08d8df-a618-54b6-bbc9-6c3e4052fb85: a painting of a tree with green leaves...
2025-05-17 14:06:28,578 - INFO - Updated painting adf77824-2f5c-50ed-a795-5430ff1bec65: a painting of a man in a suit...
2025-05-17 14:06:32,067 - INFO - Updated painting 70509c95-e5ba-5251-a37a-c0827a483b6b: a painting of a tree with green leaves...
2025-05-17 14:06:35,548 - INFO - Updated painting c4edc4bd-a555-59eb-84d4-aca2e77dec03: a painting of a blue and yellow abstract...
2025-05-17 14:06:39,530 - INFO - Updated painting bfc6778a-baa0-5600-ac65-8825beebb066: a painting of a tree with a bird on it...
2025-05-17 14:06:43,047 - INFO - Updated painting c422389f-a37e-5e7c-b260-3f6be618f2ca: a painting of a dog on a wall...
2025-05-17 14:06:48,999 - INFO - Updated painting 21c5a1c6-62ea-52aa-9640-d332fa963c80: a painting of a white horse in a field...
2025-05-17 14:06:53,747 - INFO - Updated painting 177e0af4-ca1d-540e-9009-ade9c39385f8: a painting of a tree in a field...
2025-05-17 14:06:59,500 - INFO - Updated painting 024eec4d-d4a9-56df-b9b9-8523d0b00925: a painting of a waterfall in the mountains...
2025-05-17 14:07:03,778 - INFO - Updated painting b2c9dec4-6934-5ed1-a298-a9391ad86755: a painting of a waterfall...
2025-05-17 14:07:08,111 - INFO - Updated painting f7b022bc-ced5-5a3f-8f28-b1fde87ac340: a painting of a mountain scene...
2025-05-17 14:07:12,621 - INFO - Updated painting 743ba5ab-ee18-55ec-a456-9a348f6f52a1: a painting of a tree on a wall...
2025-05-17 14:07:18,365 - INFO - Updated painting d0d9f839-3d64-5997-8d10-272258b0e21f: a painting of a waterfall in the middle of a forest...
2025-05-17 14:07:24,157 - INFO - Updated painting e884d4b7-56e2-5384-a166-404bc99ca554: a painting of a woman in a green dress...
2025-05-17 14:07:29,403 - INFO - Updated painting 56c0a30f-c1e5-5c8f-a3fa-e3e7e1b93080: a painting of a tree in a frame...
2025-05-17 14:07:34,910 - INFO - Updated painting f57669c6-d3d9-54ea-a6d4-c69282e1bd9f: a painting of a bird on a wall...
2025-05-17 14:07:40,264 - INFO - Updated painting 04f2d4df-0491-5423-a2d0-36bf7918c314: a painting of a cat in a frame...
2025-05-17 14:07:44,717 - INFO - Updated painting 1f71e411-87d2-5adf-8d1c-4fa7f780a849: a painting of a stream in the woods...
2025-05-17 14:07:49,525 - INFO - Updated painting 3e40c95c-3e0e-58e1-b768-a4e7671265e8: a painting of a waterfall in the woods...
2025-05-17 14:07:53,508 - INFO - Updated painting 5b845a84-e1a4-5c5a-b4b5-a8bac0b1bd57: a painting of a waterfall...
2025-05-17 14:07:58,730 - INFO - Updated painting 7be75d7f-1947-5aae-a0ce-eaff9d01a7ab: a painting of mountains and trees in a frame...
2025-05-17 14:08:01,441 - INFO - Updated painting 7e544449-560e-5ba4-99ac-9e81afe4c9bf: a painting of a tree on a wall...
2025-05-17 14:08:04,806 - INFO - Updated painting 8d58cb36-faae-554d-b4d4-321a948206f0: a painting of a landscape with trees and a river...
2025-05-17 14:08:08,155 - INFO - Updated painting 168747a1-84bf-5f5e-b962-e6eb07321dd7: a painting of a large, circular object...
2025-05-17 14:08:12,054 - INFO - Updated painting d058aea8-a000-56d1-9988-973de62d1247: a painting of a tree with leaves on it...
2025-05-17 14:08:16,085 - INFO - Updated painting f5717df4-03e7-5c1e-9280-20b51a1bf3d0: a painting of a flower on a white surface...
2025-05-17 14:08:19,325 - INFO - Updated painting 01a3837c-2d00-5bfc-bcf7-d21c5c11e1b4: a painting of a face with many different colors...
2025-05-17 14:08:22,960 - INFO - Updated painting 93a24627-5ccf-5d62-be8e-d759d2443b7a: a painting of a blue and white plate...
2025-05-17 14:08:25,724 - INFO - Updated painting 30d7a4ef-bc7f-50a2-9acf-964aaad53acd: a painting of a tree with many leaves...
2025-05-17 14:08:29,037 - INFO - Updated painting ae5d4ac4-3147-5580-b703-054cabb40168: a painting of a face in a bowl...
2025-05-17 14:08:31,306 - INFO - Updated painting 9af86b16-c27b-519a-bf8b-b757a76df02d: a painting of a waterfall...
2025-05-17 14:08:34,533 - INFO - Updated painting eba4bfb4-8620-5663-b403-1aded18918df: a painting of flowers on a table...
2025-05-17 14:08:37,259 - INFO - Updated painting b799c981-d55f-5fc5-ab53-003dcb570f46: a painting of a man on a rock...
2025-05-17 14:08:40,792 - INFO - Updated painting aa3578e6-e271-51af-8056-66c2a396f4b9: a painting of a red and black substance...
2025-05-17 14:08:44,180 - INFO - Updated painting 9000114d-dbf6-589f-ad34-846c8035f7e3: a painting of a man with a beard and a beard...
2025-05-17 14:08:47,502 - INFO - Updated painting d9757401-edfc-59cb-8bbb-357631e5fd27: a painting of mountains and trees in the distance...
2025-05-17 14:08:50,706 - INFO - Updated painting d029f123-cde2-55bc-b7ea-0ef39c8f0b65: a painting of a waterfall in the middle of a river...
2025-05-17 14:08:54,777 - INFO - Updated painting 19c91335-6482-51ba-bfb6-09ce2fd9aff1: a painting of a mountain scene with trees...
2025-05-17 14:08:58,139 - INFO - Updated painting a59b3598-762b-59a0-8204-576b09c898e0: a painting of a mountain scene with houses...
2025-05-17 14:09:01,434 - INFO - Updated painting e10ca1cb-c62e-517b-8296-c6bf41cee2f6: a painting of a mountain scene with trees...
2025-05-17 14:09:05,292 - INFO - Updated painting fff9624c-3dd2-52ee-861b-dda1f0be8386: a painting of a bottle and a knife...
2025-05-17 14:09:08,358 - INFO - Updated painting e41cc61c-b70c-5bb9-90cb-c347ed53db74: a painting of a tree with water droplets...
2025-05-17 14:09:11,429 - INFO - Updated painting faa3707f-525d-5d52-ae13-e70af7048ef1: a painting of a cactus with a flower...
2025-05-17 14:09:14,828 - INFO - Updated painting ba8a689b-219b-5025-bda6-52a7e79280a7: a painting of a tree in the middle of a field...
2025-05-17 14:09:18,377 - INFO - Updated painting b3408cc4-19ad-5b31-9550-4055a67d662a: a painting of a waterfall in the woods...
2025-05-17 14:09:21,051 - INFO - Updated painting 2ea2bdfe-bfd8-5d95-9bb5-e3d2cc94fb86: a painting of a forest scene...
2025-05-17 14:09:25,245 - INFO - Updated painting 5f5bf310-4e4e-5ae8-8961-a9de4d0030df: a painting of a man and a woman walking down a path...
2025-05-17 14:09:28,165 - INFO - Updated painting da33ca5e-9339-5344-8f76-5e3d861404b0: a painting of a plant on a white surface...
2025-05-17 14:09:30,824 - INFO - Updated painting 92f37baf-010d-54a4-83ad-05a204402332: a painting of a tree in a field...
2025-05-17 14:09:33,597 - INFO - Updated painting 330b26ff-3fd5-5ae9-af53-1d0416ad010f: a painting of a waterfall and a bridge...
2025-05-17 14:09:36,799 - INFO - Updated painting 7285544c-ee85-522f-afd1-7a5c5f85b192: a painting of a tree with a bird on it...
2025-05-17 14:09:40,252 - INFO - Updated painting 9c5d5006-4a28-5623-987a-1ebd639986cc: a painting of a tree with a bird on it...
2025-05-17 14:09:42,965 - INFO - Updated painting e322b951-bed2-5939-bd39-b5db83203245: a painting of a river and houses...
2025-05-17 14:09:46,041 - INFO - Updated painting b4161807-eb9b-5749-9f03-459a8693655b: a painting of a palm tree on a beach...
2025-05-17 14:09:49,098 - INFO - Updated painting 3bd78c95-91ed-588d-83e3-b5c18ff480b9: a painting of a bird in a swirl...
2025-05-17 14:09:52,734 - INFO - Updated painting f768e4f8-ca10-5570-b00e-cad9fac44062: a painting of flowers in a vase on a table...
2025-05-17 14:09:57,365 - INFO - Updated painting 18ed7c45-d378-54ba-a9d2-b154525e9033: a painting of a forest with trees and a path...
2025-05-17 14:10:02,286 - INFO - Updated painting cea4839b-f87e-5f9a-8e38-e1872f6db4fd: a painting of a mountain with a sky background...
2025-05-17 14:10:07,746 - INFO - Updated painting 67f97220-5ee5-5fc0-97ea-99932e4ffc24: a painting of a road with trees in the background...
2025-05-17 14:10:12,334 - INFO - Updated painting 0fcfbf44-4639-5dc4-85c8-546d55ae8ee5: a painting of a man in a suit...
2025-05-17 14:10:17,247 - INFO - Updated painting fdb4642b-9637-5a4f-9b2f-df036e94da76: a painting of a man's stomach...
2025-05-17 14:10:20,798 - INFO - Updated painting 4aad2fba-45e5-5fd6-81ad-21a6451ae43b: a painting of a dog...
2025-05-17 14:10:26,263 - INFO - Updated painting 4d89acc5-12bb-5bf3-8737-46828d6922dd: a painting of a mountain scene with a man on a horse...
2025-05-17 14:10:30,182 - INFO - Updated painting 282a6936-ba9f-5f07-8fb3-ece02dc3cfa2: a painting of a waterfall...
2025-05-17 14:10:35,515 - INFO - Updated painting 8936abfd-5918-5744-8d0d-20de8ef14414: a painting of a spiral design on a wall...
2025-05-17 14:10:40,145 - INFO - Updated painting cbec4558-76a6-553d-914c-0c7c7e89ce4a: a painting of a vase and a bottle...
2025-05-17 14:10:44,984 - INFO - Updated painting 531023f1-ff84-55bd-8a5e-6894e40f709d: a painting of a skull on a wall...
2025-05-17 14:10:50,595 - INFO - Updated painting 23049f54-f283-5e00-a24a-a7170247b431: a painting of a man with a beard and a beard...
2025-05-17 14:10:56,734 - INFO - Updated painting 59b81c98-2c39-575c-9898-01d77c8204c5: a painting of a waterfall in the middle of a river...
2025-05-17 14:11:00,353 - INFO - Updated painting 1ac69ffd-254d-5939-81ca-7fe43956a89f: a painting of a waterfall...
2025-05-17 14:11:05,681 - INFO - Updated painting d52ff7f1-c0c9-526f-8575-eae4de6bfd04: a painting of a tree with many leaves...
2025-05-17 14:11:11,122 - INFO - Updated painting 70499e4d-a5e8-5cf1-ab35-bcdf64938568: a painting of a face with many different colors...
2025-05-17 14:11:16,257 - INFO - Updated painting c01f9c30-2d50-5e36-8b16-f562f5a64a5c: a painting of a face in a bowl...
2025-05-17 14:11:21,929 - INFO - Updated painting 50952736-d57b-5572-bbc7-db7c16584853: a painting of trees and water in a frame...
2025-05-17 14:11:26,515 - INFO - Updated painting fdb2f56b-f14f-5966-8cbd-aee8cdfb7a0d: a painting of trees in a field...
2025-05-17 14:11:31,873 - INFO - Updated painting e780a0ad-5153-5cef-82b0-ec74dc05cea6: a painting of a path through the woods...
2025-05-17 14:11:35,931 - INFO - Updated painting 8a6c8909-4d7d-55c1-8988-b351d9a16db9: a painting of a waterfall...
2025-05-17 14:11:41,033 - INFO - Updated painting 0004be18-114e-5d93-8677-bccc90b75a7c: a painting of a stream in a forest...
2025-05-17 14:11:45,761 - INFO - Updated painting 6128795b-4e9b-520a-9846-db2b5fc7e1f2: a painting of a waterfall in the woods...
2025-05-17 14:11:50,129 - INFO - Updated painting face3859-049a-56a1-9f60-92af932132fc: a painting of mountains and trees...
2025-05-17 14:11:52,751 - INFO - Updated painting 62007324-1d65-5e12-8107-abea930201d7: a painting of a tree in a snowy landscape...
2025-05-17 14:11:54,777 - INFO - Updated painting 555f5f18-a73f-55fb-9c4f-30ea10f3113f: a painting of a waterfall...
2025-05-17 14:11:57,209 - INFO - Updated painting ce5b2ee6-4289-5021-87da-3c20ae1d93a6: a painting of a man walking down a path...
2025-05-17 14:12:00,047 - INFO - Updated painting 543f1a19-f7af-5e81-b5d9-1bf6c208ad4a: a painting of a waterfall in a forest...
2025-05-17 14:12:06,613 - INFO - Updated painting 95dde0ba-b66b-5c90-b186-e1228144adcd: a painting of a waterfall in the middle of a forest...
2025-05-17 14:12:07,623 - INFO - Finished updating paintings!
2025-05-24 21:34:19,156 - INFO - Initializing ImageToText model...
2025-05-24 21:34:34,300 - INFO - Note: NumExpr detected 12 cores but "NUMEXPR_MAX_THREADS" not set, so enforcing safe limit of 8.
2025-05-24 21:34:34,301 - INFO - NumExpr defaulting to 8 threads.
2025-05-24 21:34:42,789 - INFO - Found 18 paintings that need updating
2025-05-24 21:34:49,576 - INFO - Updated painting 3873de03-5459-526d-ab83-d92f48bf158d: a painting of a house in a field...
2025-05-24 21:34:52,540 - INFO - Updated painting 222b7567-96f8-5699-b888-8a90f9ba45c6: a painting of a mountain scene with a tree...
2025-05-24 21:34:55,693 - INFO - Updated painting 0645300a-7a4e-5310-b3ef-b8caae9f8a9d: a painting of a waterfall in the middle of a river...
2025-05-24 21:34:58,921 - INFO - Updated painting 743a347d-b9ac-5e11-8d27-0ec93f3aa91a: a painting of a waterfall in the middle of a forest...
2025-05-24 21:35:01,684 - INFO - Updated painting 9c9a8d2d-a189-5ad2-86d3-a18efda1b07b: a painting of a green and yellow abstract...
2025-05-24 21:35:04,410 - INFO - Updated painting 87b18898-afaf-5f53-bf15-bc8650b9d98b: a painting of a bird in a swirl...
2025-05-24 21:35:06,845 - INFO - Updated painting 2ac8ec55-69db-59b6-b42d-26f48346e2a3: a painting of a spiral design...
2025-05-24 21:35:09,524 - INFO - Updated painting ad324ad2-9e49-51f5-8ed2-68d957570cea: a painting of a tree and a moon...
2025-05-24 21:35:12,241 - INFO - Updated painting 5dec85c3-76e2-5215-afc5-cb1307d2cbb8: a painting of a road with houses and trees...
2025-05-24 21:35:14,968 - INFO - Updated painting cbec4e77-30a6-5746-bb26-90957a25e916: a painting of a windmill and a boat...
2025-05-24 21:35:17,901 - INFO - Updated painting ba9ec3c9-418f-5708-b4fe-332f01e1523b: a painting of a bird with a red beak...
2025-05-24 21:35:21,059 - INFO - Updated painting be79870e-869f-5dd5-bc6b-f7059a9087e2: a painting of a woman's face with colorful paint...
2025-05-24 21:35:23,690 - INFO - Updated painting 42df8343-4e15-53d7-bd1a-ea785ab2f05c: a painting of three elephants in a field...
2025-05-24 21:35:26,292 - INFO - Updated painting 4dbb0d00-7b64-52e3-ac4b-c713f54131d3: a painting of a castle in the mountains...
2025-05-24 21:35:28,982 - INFO - Updated painting 12a93d54-e1df-5a3e-8f69-32bded144f7e: a painting of a waterfall in the woods...
2025-05-24 21:35:32,071 - INFO - Updated painting 227e4939-55af-51ce-b5b1-c286ea0f1fc7: a painting of a sunset with a bright yellow sun...
2025-05-24 21:35:36,578 - INFO - Updated painting 94793e78-71ce-549c-a337-633887c57795: a painting of a person in a circle...
2025-05-24 21:35:39,051 - INFO - Updated painting 48f3ffb6-317d-5b23-a1e2-3e6915a2a812: a painting of a waterfall...
2025-05-24 21:35:40,069 - INFO - Finished updating paintings!
2025-06-07 12:10:28,441 - INFO - Initializing ImageToText model...
2025-06-07 12:10:36,354 - INFO - Note: NumExpr detected 12 cores but "NUMEXPR_MAX_THREADS" not set, so enforcing safe limit of 8.
2025-06-07 12:10:36,354 - INFO - NumExpr defaulting to 8 threads.
2025-06-07 12:10:43,680 - INFO - Found 99 paintings that need updating
2025-06-07 12:10:48,701 - INFO - Updated painting 736ed19b-5106-5bfe-a972-88e1f2318702: a painting of a family walking down a country road...
2025-06-07 12:10:51,257 - INFO - Updated painting 58621ff9-b0be-54fc-ad0f-a18fc5b6b7f0: a painting of a bird on a tree...
2025-06-07 12:10:54,282 - INFO - Updated painting 559858df-0224-59ed-b9e8-dd908f982433: a painting of a man with a hat and a cane...
2025-06-07 12:10:57,171 - INFO - Updated painting 107c2d53-d72b-575b-892a-05453c29e28a: a painting of a plant with red and blue leaves...
2025-06-07 12:10:59,792 - INFO - Updated painting 1cd9ca5f-0f43-54ca-a919-ac4ddb6459f7: a painting of flowers on a white surface...
2025-06-07 12:11:02,326 - INFO - Updated painting ddea8aaa-8213-5018-8126-eaff6a26e4fc: a painting of flowers on a white paper...
2025-06-07 12:11:05,386 - INFO - Updated painting c8c2f628-906c-5794-84d0-a7f9b4a2843e: a painting of a light bulb on a piece of paper...
2025-06-07 12:11:08,501 - INFO - Updated painting 9b1934cf-d799-5c9d-930d-29aee8d578aa: a painting of a bird with a flower in its beak...
2025-06-07 12:11:11,199 - INFO - Updated painting 2ec8aab5-5824-571d-a982-9ba72da68b08: a painting of a flower on a white paper...
2025-06-07 12:11:16,612 - INFO - Updated painting 7ce8b615-af4e-5d59-a6f9-f8c15bf0af96: a painting of a person holding a sword...
2025-06-07 12:11:21,685 - INFO - Updated painting a4e0201b-e53f-5a25-b2a6-cf2e9f91f99b: a painting of a woman with a large head...
2025-06-07 12:11:27,618 - INFO - Updated painting 8d4f6653-ec72-5e3a-884e-f53c3ac43cdd: a painting of a bunch of flowers on a piece of paper...
2025-06-07 12:11:32,733 - INFO - Updated painting 472684a9-8e5a-501c-a05d-9c8e50247816: a painting of a painting with different colors...
2025-06-07 12:11:39,113 - INFO - Updated painting c514616b-6ec6-5d9c-bf3b-7c68f9ef46db: a painting of a woman's face with colored pencils...
2025-06-07 12:11:45,918 - INFO - Updated painting 97045b1e-2ab1-5fa0-84e4-f1a697832db6: a painting of a face with a green and blue circle...
2025-06-07 12:11:51,199 - INFO - Updated painting 1f6728f4-f366-52b3-a23a-40a33c4bd662: a painting of a man on a bike...
2025-06-07 12:11:56,506 - INFO - Updated painting 6ce29068-cf39-5713-8abe-e237e64115b4: a painting of a woman with a hat...
2025-06-07 12:12:02,391 - INFO - Updated painting 960473a9-c8d1-5c04-825a-1dc2ce729896: a painting of a woman with a blue face...
2025-06-07 12:12:08,722 - INFO - Updated painting c4a65cd4-0aae-5656-8aa9-afdcf7271c2f: a painting of a tree and a painting of a bird...
2025-06-07 12:12:14,287 - INFO - Updated painting 58ecdbb2-7b6a-587d-967a-7b5f0833256f: a painting of a tree in a forest...
2025-06-07 12:12:19,891 - INFO - Updated painting 0b2c6935-9f7d-5af4-ab5a-5936c99b5f83: a painting of a plant on a table...
2025-06-07 12:12:23,941 - INFO - Updated painting 33832b84-b58f-53a4-81ff-1cb120d397ad: a painting of a sky...
2025-06-07 12:12:29,360 - INFO - Updated painting 3854696d-d2d7-5ba2-a8da-5f25d40b203b: a painting of a house in a field...
2025-06-07 12:12:35,533 - INFO - Updated painting 89758cb3-b871-5bcf-94b7-28cc9a9ec82d: a painting of a dog with a flower in its mouth...
2025-06-07 12:12:41,342 - INFO - Updated painting 5624ce7e-e119-59b3-98fe-5f1cbff665b6: a painting of a bear with a bunch of berries...
2025-06-07 12:12:47,621 - INFO - Updated painting cd553252-7c18-5ef2-90ad-79568687ef71: a painting of a tree with a lot of green leaves...
2025-06-07 12:12:53,632 - INFO - Updated painting fb16ab11-1451-5741-9ba7-d9a61e251a2b: a painting of a flower on a piece of paper...
2025-06-07 12:12:59,362 - INFO - Updated painting e4f3ffd5-9d9f-5d39-ae05-9d2c533f7f14: a painting of a person walking down a street...
2025-06-07 12:13:05,066 - INFO - Updated painting f1a54124-cc41-5afb-8f73-402d88b503b9: a painting of a waterfall in the middle of a drawing...
2025-06-07 12:13:10,084 - INFO - Updated painting 09d47b6d-7e71-5481-83bc-1c4c7f41e0b3: a painting of a house in a field...
2025-06-07 12:13:23,012 - INFO - Updated painting bce55260-d7d5-5f36-a4f1-bbac35e9df9b: a painting of trees in the woods...
2025-06-07 12:13:35,217 - INFO - Updated painting 507e97fb-3f65-566e-a7d9-005a44645461: a painting of a road with a house in the distance...
2025-06-07 12:13:46,254 - INFO - Updated painting 8a261007-9462-5999-8a5c-f3b038d86bac: a painting of a woman sitting on a rock...
2025-06-07 12:13:56,418 - INFO - Updated painting 53182aed-59a5-5264-bd7b-c56728e76ba8: a painting of a tree with a lot of leaves...
2025-06-07 12:14:02,725 - INFO - Updated painting cb71640b-22d9-5879-9b86-b07b79906924: a painting of a woman's torso...
2025-06-07 12:14:11,141 - INFO - Updated painting ec5d4626-3d5a-5667-ac91-b2d259ced1b2: a painting of a woman with a flower in her hair...
2025-06-07 12:14:14,909 - INFO - Updated painting 3ea0431b-f8b8-5a49-a22c-73dda3ab24e5: a painting of a tree in a city...
2025-06-07 12:14:18,763 - INFO - Updated painting 461b249a-4457-56fd-8bcb-a7f934c5cf3e: a painting of a bird on a piece of paper...
2025-06-07 12:14:22,986 - INFO - Updated painting 879eec7e-903c-50e9-95c6-cb41ed4dde73: a painting of a tree with a bird on it...
2025-06-07 12:14:27,102 - INFO - Updated painting 770e62c0-e415-5f13-a242-6633ba0b172c: a painting of a man with a hat and a book...
2025-06-07 12:14:31,418 - INFO - Updated painting 4b568e8c-97cd-59a8-b66b-9221bd7f18df: a painting of a horse on a piece of paper...
2025-06-07 12:14:37,212 - INFO - Updated painting aab269c1-ccc1-59ab-b415-a34e5a2526fb: a painting of a white and blue circle...
2025-06-07 12:14:42,047 - INFO - Updated painting 61ec607f-9d58-542a-9345-9e8f4410b77f: a painting of a mountain road with trees and mountains in the background...
2025-06-07 12:14:45,346 - INFO - Updated painting 2977fd35-1329-5d6b-86ee-d33e5e2af21d: a painting of a tree with red leaves...
2025-06-07 12:14:48,714 - INFO - Updated painting 56104ea6-374a-5792-9e51-03d1d7670f1a: a painting of a tree in the woods...
2025-06-07 12:14:51,927 - INFO - Updated painting 12a3893b-5d39-59a5-8d59-630bca7972ca: a painting of a tree in a field...
2025-06-07 12:14:55,432 - INFO - Updated painting 0e64c497-edd8-59e5-9555-2fc5ae81d3cc: a painting of a mountain scene with a purple sky...
2025-06-07 12:14:58,498 - INFO - Updated painting eecd9006-ca8b-5fef-bbba-71dc9977312a: a painting of a cactus with flowers on it...
2025-06-07 12:15:02,387 - INFO - Updated painting fadf24a3-a0f0-5e50-a513-7d9d7da256ae: a painting of a woman's face with a green background...
2025-06-07 12:15:06,102 - INFO - Updated painting fb8d42a7-a878-596c-bbe3-0352c73cb4b2: a painting of a mountain scene with a sky and clouds...
2025-06-07 12:15:09,882 - INFO - Updated painting badd45cb-35ba-5f15-8a48-0511873e1dbb: a painting of a mountain with a sky in the background...
2025-06-07 12:15:13,074 - INFO - Updated painting d49441b8-f03a-56aa-828c-60b9c9eb25c3: a painting of a tree in a field...
2025-06-07 12:15:16,878 - INFO - Updated painting 031ee859-b2b5-55d1-9b47-c9084b67e154: a painting of a tree with a bird on it...
2025-06-07 12:15:20,189 - INFO - Updated painting 0858e2c5-1de4-58f3-831f-8cd76149d51f: a painting of a bird on a tree...
2025-06-07 12:15:23,666 - INFO - Updated painting 54ff2b97-593c-548c-bfc4-2bf7fa151b33: a painting of a mountain with a waterfall...
2025-06-07 12:15:27,673 - INFO - Updated painting 33bf8d54-2ae6-50e0-9506-761b3ebd85f4: a painting of a bird flying over a tree...
2025-06-07 12:15:31,211 - INFO - Updated painting c37f8855-1fe9-59e4-9348-f2534273d3a9: a painting of a city with a tree...
2025-06-07 12:15:34,390 - INFO - Updated painting 5ecdf163-74f3-5273-ade8-8a1ca262f44e: a painting of a tree with many leaves...
2025-06-07 12:15:38,026 - INFO - Updated painting 226f4d5f-be14-575d-83b7-b8f325894f7c: a painting of a tree with a bird on it...
2025-06-07 12:15:42,056 - INFO - Updated painting dd9778b9-d64e-587d-8cf7-140d2734d8da: a painting of a cactus with flowers in it...
2025-06-07 12:15:45,294 - INFO - Updated painting 1bcaa665-21c9-50e7-b16d-f9f581d753c0: a painting of a clock on a table...
2025-06-07 12:15:48,925 - INFO - Updated painting 902415b7-5001-522d-8ad6-cf974f360ced: a painting of a mountain scene with a waterfall...
2025-06-07 12:15:52,969 - INFO - Updated painting f6973a3b-4485-5a6b-b180-8b65aba77d25: a painting of a tree with a house in the background...
2025-06-07 12:15:56,239 - INFO - Updated painting 51871b46-fe4f-56cd-8745-f21d2d224361: a painting of a forest with trees and bushes...
2025-06-07 12:16:00,181 - INFO - Updated painting c36c583e-ce5e-58c7-8b96-1853c209f03f: a painting of a waterfall in the middle of a book...
2025-06-07 12:16:03,404 - INFO - Updated painting 4b35f418-55fb-5301-9aed-3f35527c2b23: a painting of a waterfall in the woods...
2025-06-07 12:16:06,655 - INFO - Updated painting 869b2800-8384-582c-9d52-2911e99044ae: a painting of a forest scene with a bird...
2025-06-07 12:16:10,334 - INFO - Updated painting 0c081962-10c4-5471-ba92-e1ad7309c673: a painting of a bird on a piece of paper...
2025-06-07 12:16:13,846 - INFO - Updated painting 0a6f184b-de73-57c8-8196-b6a85dd7fba3: a painting of a bird on a piece of paper...
2025-06-07 12:16:17,836 - INFO - Updated painting e7e2239d-721f-5dcf-9ab2-838a38fd3410: a painting of a woman's face on a piece of paper...
2025-06-07 12:16:21,381 - INFO - Updated painting 779f89a0-6a02-59d7-8abf-47320402d3d1: a painting of a woman sitting on a chair...
2025-06-07 12:16:24,524 - INFO - Updated painting af49099d-509a-527c-a6a2-f4f9a37aad1c: a painting of a woman with long hair...
2025-06-07 12:16:27,411 - INFO - Updated painting 2ae72c1a-debb-57a1-91e3-1c501fcea4c8: a painting of a mountain with trees...
2025-06-07 12:16:30,799 - INFO - Updated painting d06021dd-22a5-5965-b41e-1776ecbcd47d: a painting of a tree with a lot of leaves...
2025-06-07 12:16:34,032 - INFO - Updated painting 5bd9705d-5891-55cc-89e5-787e507c5549: a painting of a mountain with trees and bushes...
2025-06-07 12:16:37,608 - INFO - Updated painting a75cf13d-9d11-550a-a3ca-44954cebac2d: a painting of a landscape with trees and a road...
2025-06-07 12:16:41,207 - INFO - Updated painting d262f25d-6700-5adf-9871-efb50d3efb1e: a painting of a tree with no leaves...
2025-06-07 12:16:44,467 - INFO - Updated painting 1d69d475-6206-522d-8e94-7356906b3a78: a painting of a woman with a knife...
2025-06-07 12:16:48,088 - INFO - Updated painting c0b3978c-36f3-58ec-99ea-394198cbcdf6: a painting of a woman with a red and yellow hair...
2025-06-07 12:16:51,604 - INFO - Updated painting 52acb3d1-bbb1-5fad-9e00-8f5eb3c16836: a painting of flowers on a piece of paper...
2025-06-07 12:16:54,574 - INFO - Updated painting 1828e583-2c01-53d3-bf06-b7311a08c494: a painting of a tree with many leaves...
2025-06-07 12:16:57,966 - INFO - Updated painting 0bb24f82-3ca0-5243-947a-7344ea64355b: a painting of a large, blue and yellow abstract...
2025-06-07 12:17:01,852 - INFO - Updated painting f577d980-7419-547e-8073-35c5c54e63bd: a painting of a tree branch with a bird on it...
2025-06-07 12:17:05,439 - INFO - Updated painting f2c44fd3-578d-51bb-915e-5371426ac508: a painting of a tree with a bird on it...
2025-06-07 12:17:08,937 - INFO - Updated painting 218930ea-a3b4-52a7-b055-ba507d3e8227: a painting of a man on a cliff...
2025-06-07 12:17:12,505 - INFO - Updated painting fffa0075-4fe3-5a9a-aaf9-b3e15d403716: a painting of a vase with flowers in it...
2025-06-07 12:17:16,051 - INFO - Updated painting be448310-ff09-5822-9c14-282113ccd0df: a painting of a landscape with a lot of different colors...
2025-06-07 12:17:19,140 - INFO - Updated painting cd905d78-3c91-5b26-865c-971bacee67c8: a painting of a waterfall in a forest...
2025-06-07 12:17:22,811 - INFO - Updated painting b1ab767d-9304-5049-9790-783bd389b6c6: a painting of a face with a large grin on it...
2025-06-07 12:17:26,324 - INFO - Updated painting bf68e33f-b55d-54d7-9008-d8de3b9e4843: a painting of a waterfall in the middle of a painting...
2025-06-07 12:17:29,504 - INFO - Updated painting 0d0166fc-897b-5317-a07c-3394399ee83c: a painting of a woman's face...
2025-06-07 12:17:32,721 - INFO - Updated painting 6c468deb-dfdd-5873-bed9-9b95961f84d7: a painting of a mountain with a waterfall...
2025-06-07 12:17:35,391 - INFO - Updated painting cced73c4-02ad-5280-a662-c95d469aa5ec: a painting of a green mountain...
2025-06-07 12:17:38,341 - INFO - Updated painting edf107fa-04a3-5219-8369-aced23ed5388: a painting of a tree and a bird...
2025-06-07 12:17:41,505 - INFO - Updated painting f91540ef-d445-5549-b4a3-45be80e83032: a painting of a waterfall in the woods...
2025-06-07 12:17:44,548 - INFO - Updated painting fddce96a-2ea3-5888-81d4-d1ec24e2e58d: a painting of trees in the desert...
2025-06-07 12:17:47,416 - INFO - Updated painting ea3b1b8c-3cfd-5c98-9573-a0e75a0eee93: a painting of a woman's torso...
2025-06-07 12:17:50,931 - INFO - Updated painting aa209ea7-5e3c-5f19-857c-ceb398e7b94f: a painting of a white circle with a red dot...
2025-06-07 12:17:54,553 - INFO - Updated painting d2761335-0d7b-5a06-b95a-98ab237ea85e: a painting of a tree with a rock in the background...
2025-06-07 12:17:55,573 - INFO - Finished updating paintings!
